app/build/outputs/logs/manifest-merger-debug-report.txt
-- Merging decision tree log ---
manifest
ADDED from src\main\AndroidManifest.xml:2:1-145:12
	package
		ADDED from src\main\AndroidManifest.xml:3:5-37
		INJECTED from src\main\AndroidManifest.xml
		INJECTED from src\main\AndroidManifest.xml
	android:versionName
		ADDED from src\main\AndroidManifest.xml:5:5-31
		INJECTED from src\main\AndroidManifest.xml
		INJECTED from src\main\AndroidManifest.xml
	android:versionCode
		ADDED from src\main\AndroidManifest.xml:4:5-28
		INJECTED from src\main\AndroidManifest.xml
		INJECTED from src\main\AndroidManifest.xml
	xmlns:android
		ADDED from src\main\AndroidManifest.xml:2:11-69
uses-sdk
ADDED from src\main\AndroidManifest.xml:8:5-72
MERGED from [com.android.support:appcompat-v7:23.1.1] AndroidManifest.xml:20:5-43
MERGED from [com.android.support:support-v4:23.1.1] AndroidManifest.xml:20:5-43
MERGED from [com.android.support:design:23.1.1] AndroidManifest.xml:20:5-43
MERGED from [com.android.support:appcompat-v7:23.1.1] AndroidManifest.xml:20:5-43
MERGED from [com.android.support:support-v4:23.1.1] AndroidManifest.xml:20:5-43
MERGED from [com.android.support:recyclerview-v7:23.1.1] AndroidManifest.xml:20:5-43
MERGED from [com.android.support:support-v4:23.1.1] AndroidManifest.xml:20:5-43
MERGED from [com.android.support:support-v4:23.1.1] AndroidManifest.xml:20:5-43
MERGED from [com.android.support:recyclerview-v7:23.1.1] AndroidManifest.xml:20:5-43
MERGED from [com.android.support:support-v4:23.1.1] AndroidManifest.xml:20:5-43
MERGED from [com.android.support:cardview-v7:23.1.1] AndroidManifest.xml:20:5-43
MERGED from [com.google.android.gms:play-services:6.5.87] AndroidManifest.xml:18:5-42
MERGED from [com.android.support:support-v4:23.1.1] AndroidManifest.xml:20:5-43
MERGED from [com.google.maps.android:android-maps-utils:0.2.1] AndroidManifest.xml:2:5-42
MERGED from [com.google.android.gms:play-services:6.5.87] AndroidManifest.xml:18:5-42
MERGED from [com.android.support:support-v4:23.1.1] AndroidManifest.xml:20:5-43
MERGED from [com.github.clans:fab:1.6.3] AndroidManifest.xml:8:5-10:41
	android:targetSdkVersion
		ADDED from src\main\AndroidManifest.xml:8:41-70
		INJECTED from src\main\AndroidManifest.xml
		INJECTED from src\main\AndroidManifest.xml
	android:minSdkVersion
		ADDED from src\main\AndroidManifest.xml:8:15-40
		INJECTED from src\main\AndroidManifest.xml
		INJECTED from src\main\AndroidManifest.xml
uses-permission#android.permission.INTERNET
ADDED from src\main\AndroidManifest.xml:10:5-67
	android:name
		ADDED from src\main\AndroidManifest.xml:10:22-64
uses-permission#android.permission.ACCESS_NETWORK_STATE
ADDED from src\main\AndroidManifest.xml:11:5-79
	android:name
		ADDED from src\main\AndroidManifest.xml:11:22-76
uses-permission#android.permission.ACCESS_FINE_LOCATION
ADDED from src\main\AndroidManifest.xml:12:5-79
	android:name
		ADDED from src\main\AndroidManifest.xml:12:22-76
uses-permission#android.permission.ACCESS_COARSE_LOCATION
ADDED from src\main\AndroidManifest.xml:13:5-81
	android:name
		ADDED from src\main\AndroidManifest.xml:13:22-78
uses-permission#android.permission.WRITE_EXTERNAL_STORAGE
ADDED from src\main\AndroidManifest.xml:14:5-81
	android:name
		ADDED from src\main\AndroidManifest.xml:14:22-78
uses-permission#android.permission.WRITE_INTERNAL_STORAGE
ADDED from src\main\AndroidManifest.xml:15:5-81
	android:name
		ADDED from src\main\AndroidManifest.xml:15:22-78
uses-permission#android.permission.ACCESS_LOCATION_EXTRA_COMMANDS
ADDED from src\main\AndroidManifest.xml:16:5-88
	android:name
		ADDED from src\main\AndroidManifest.xml:16:22-86
uses-permission#android.permission.CAMERA
ADDED from src\main\AndroidManifest.xml:17:5-65
	android:name
		ADDED from src\main\AndroidManifest.xml:17:22-62
permission#com.banvien.fcv.mobile.permission.MAPS_RECEIVE
ADDED from src\main\AndroidManifest.xml:20:5-22:46
	android:protectionLevel
		ADDED from src\main\AndroidManifest.xml:22:9-44
	android:name
		ADDED from src\main\AndroidManifest.xml:21:9-70
uses-permission#com.banvien.fcv.mobile.permission.MAPS_RECEIVE
ADDED from src\main\AndroidManifest.xml:23:5-85
	android:name
		ADDED from src\main\AndroidManifest.xml:23:22-83
uses-permission#com.google.android.providers.gsf.permission.READ_GSERVICES
ADDED from src\main\AndroidManifest.xml:24:5-97
	android:name
		ADDED from src\main\AndroidManifest.xml:24:22-95
uses-feature#android.hardware.camera
ADDED from src\main\AndroidManifest.xml:28:5-30:35
	android:required
		ADDED from src\main\AndroidManifest.xml:30:9-32
	android:name
		ADDED from src\main\AndroidManifest.xml:29:9-47
uses-feature#android.hardware.camera.autofocus
ADDED from src\main\AndroidManifest.xml:31:5-70
	android:name
		ADDED from src\main\AndroidManifest.xml:31:19-67
application
ADDED from src\main\AndroidManifest.xml:33:5-143:19
MERGED from [com.android.support:appcompat-v7:23.1.1] AndroidManifest.xml:22:5-20
MERGED from [com.android.support:support-v4:23.1.1] AndroidManifest.xml:22:5-20
MERGED from [com.android.support:design:23.1.1] AndroidManifest.xml:22:5-20
MERGED from [com.android.support:appcompat-v7:23.1.1] AndroidManifest.xml:22:5-20
MERGED from [com.android.support:support-v4:23.1.1] AndroidManifest.xml:22:5-20
MERGED from [com.android.support:support-v4:23.1.1] AndroidManifest.xml:22:5-20
MERGED from [com.android.support:support-v4:23.1.1] AndroidManifest.xml:22:5-20
MERGED from [com.android.support:support-v4:23.1.1] AndroidManifest.xml:22:5-20
MERGED from [com.android.support:cardview-v7:23.1.1] AndroidManifest.xml:22:5-20
MERGED from [com.google.android.gms:play-services:6.5.87] AndroidManifest.xml:20:5-24:19
MERGED from [com.android.support:support-v4:23.1.1] AndroidManifest.xml:22:5-20
MERGED from [com.google.maps.android:android-maps-utils:0.2.1] AndroidManifest.xml:4:5-19
MERGED from [com.google.android.gms:play-services:6.5.87] AndroidManifest.xml:20:5-24:19
MERGED from [com.android.support:support-v4:23.1.1] AndroidManifest.xml:22:5-20
MERGED from [com.github.clans:fab:1.6.3] AndroidManifest.xml:12:5-20
	android:label
		ADDED from src\main\AndroidManifest.xml:35:9-41
	android:icon
		ADDED from src\main\AndroidManifest.xml:34:9-42
	android:theme
		ADDED from src\main\AndroidManifest.xml:36:9-40
uses-library#com.google.android.maps
ADDED from src\main\AndroidManifest.xml:37:9-39:39
	android:required
		ADDED from src\main\AndroidManifest.xml:39:13-36
	android:name
		ADDED from src\main\AndroidManifest.xml:38:13-51
provider#com.banvien.fcv.mobile.sql.StoreContentProvider
ADDED from src\main\AndroidManifest.xml:41:9-43:121
	android:authorities
		ADDED from src\main\AndroidManifest.xml:43:13-118
	android:name
		ADDED from src\main\AndroidManifest.xml:42:13-53
provider#com.banvien.fcv.mobile.sql.OutletContentProvider
ADDED from src\main\AndroidManifest.xml:44:9-46:76
	android:authorities
		ADDED from src\main\AndroidManifest.xml:46:13-73
	android:name
		ADDED from src\main\AndroidManifest.xml:45:13-54
receiver#com.banvien.fcv.mobile.library.SyncBroadcastReceiver
ADDED from src\main\AndroidManifest.xml:48:9-53:20
	android:name
		ADDED from src\main\AndroidManifest.xml:48:19-64
intent-filter#com.banvien.fcv.mobile.SYNC_BROAD_CAST_RECEIVER
ADDED from src\main\AndroidManifest.xml:49:13-52:29
action#com.banvien.fcv.mobile.SYNC_BROAD_CAST_RECEIVER
ADDED from src\main\AndroidManifest.xml:50:17-51:26
	android:name
		ADDED from src\main\AndroidManifest.xml:50:25-87
activity#com.banvien.fcv.mobile.MainActivity
ADDED from src\main\AndroidManifest.xml:65:9-73:20
	android:screenOrientation
		ADDED from src\main\AndroidManifest.xml:67:13-49
	android:theme
		ADDED from src\main\AndroidManifest.xml:68:13-44
	android:name
		ADDED from src\main\AndroidManifest.xml:66:13-41
intent-filter#android.intent.action.MAIN+android.intent.category.LAUNCHER
ADDED from src\main\AndroidManifest.xml:69:13-72:29
action#android.intent.action.MAIN
ADDED from src\main\AndroidManifest.xml:70:17-69
	android:name
		ADDED from src\main\AndroidManifest.xml:70:25-66
category#android.intent.category.LAUNCHER
ADDED from src\main\AndroidManifest.xml:71:17-77
	android:name
		ADDED from src\main\AndroidManifest.xml:71:27-74
activity#com.banvien.fcv.mobile.MapsActivity
ADDED from src\main\AndroidManifest.xml:74:9-81:20
	android:screenOrientation
		ADDED from src\main\AndroidManifest.xml:76:13-49
	android:theme
		ADDED from src\main\AndroidManifest.xml:77:13-49
	android:name
		ADDED from src\main\AndroidManifest.xml:75:13-41
intent-filter#android.intent.category.DEFAULT
ADDED from src\main\AndroidManifest.xml:78:13-80:29
category#android.intent.category.DEFAULT
ADDED from src\main\AndroidManifest.xml:79:17-76
	android:name
		ADDED from src\main\AndroidManifest.xml:79:27-73
activity#com.banvien.fcv.mobile.PrepareActivity
ADDED from src\main\AndroidManifest.xml:82:9-89:20
	android:screenOrientation
		ADDED from src\main\AndroidManifest.xml:84:13-49
	android:theme
		ADDED from src\main\AndroidManifest.xml:85:13-44
	android:name
		ADDED from src\main\AndroidManifest.xml:83:13-44
activity#com.banvien.fcv.mobile.ActionActivity
ADDED from src\main\AndroidManifest.xml:91:9-97:20
	android:theme
		ADDED from src\main\AndroidManifest.xml:93:13-44
	android:name
		ADDED from src\main\AndroidManifest.xml:92:13-43
activity#com.banvien.fcv.mobile.NextActivity
ADDED from src\main\AndroidManifest.xml:98:9-104:20
	android:theme
		ADDED from src\main\AndroidManifest.xml:100:13-44
	android:name
		ADDED from src\main\AndroidManifest.xml:99:13-41
activity#com.banvien.fcv.mobile.PosmActivity
ADDED from src\main\AndroidManifest.xml:105:9-111:20
	android:theme
		ADDED from src\main\AndroidManifest.xml:107:13-44
	android:name
		ADDED from src\main\AndroidManifest.xml:106:13-41
activity#com.banvien.fcv.mobile.OrderActivity
ADDED from src\main\AndroidManifest.xml:112:9-118:20
	android:screenOrientation
		ADDED from src\main\AndroidManifest.xml:113:13-49
	android:theme
		ADDED from src\main\AndroidManifest.xml:114:13-44
	android:name
		ADDED from src\main\AndroidManifest.xml:112:19-48
activity#com.banvien.fcv.mobile.CaptureActivity
ADDED from src\main\AndroidManifest.xml:119:9-125:20
	android:screenOrientation
		ADDED from src\main\AndroidManifest.xml:120:13-49
	android:theme
		ADDED from src\main\AndroidManifest.xml:121:13-44
	android:name
		ADDED from src\main\AndroidManifest.xml:119:19-50
activity#com.banvien.fcv.mobile.CaptureOnceActivity
ADDED from src\main\AndroidManifest.xml:126:9-132:20
	android:screenOrientation
		ADDED from src\main\AndroidManifest.xml:127:13-49
	android:theme
		ADDED from src\main\AndroidManifest.xml:128:13-44
	android:name
		ADDED from src\main\AndroidManifest.xml:126:19-54
activity#com.banvien.fcv.mobile.AfterDisplayActivity
ADDED from src\main\AndroidManifest.xml:133:9-139:20
	android:screenOrientation
		ADDED from src\main\AndroidManifest.xml:134:13-49
	android:theme
		ADDED from src\main\AndroidManifest.xml:135:13-44
	android:name
		ADDED from src\main\AndroidManifest.xml:133:19-55
meta-data#com.google.android.maps.v2.API_KEY
ADDED from src\main\AndroidManifest.xml:140:9-142:70
	android:value
		ADDED from src\main\AndroidManifest.xml:142:13-68
	android:name
		ADDED from src\main\AndroidManifest.xml:141:13-62
meta-data#com.google.android.gms.version
ADDED from [com.google.android.gms:play-services:6.5.87] AndroidManifest.xml:21:9-23:69
MERGED from [com.google.android.gms:play-services:6.5.87] AndroidManifest.xml:21:9-23:69
	android:value
		ADDED from [com.google.android.gms:play-services:6.5.87] AndroidManifest.xml:23:13-66
	android:name
		ADDED from [com.google.android.gms:play-services:6.5.87] AndroidManifest.xml:22:13-58